#
# An unexpected error has been detected by Java Runtime Environment:
#
#  EXCEPTION_ACCESS_VIOLATION (0xc0000005) at pc=0x7997b25d, pid=2852, tid=4968
#
# Java VM: Java HotSpot(TM) Client VM (10.0-b19 mixed mode windows-x86)
# Problematic frame:
# C  [m_dispatcher.dll+0x1b25d]
#
# If you would like to submit a bug report, please visit:
#   http://java.sun.com/webapps/bugreport/crash.jsp
# The crash happened outside the Java Virtual Machine in native code.
# See problematic frame for where to report the bug.
#

---------------  T H R E A D  ---------------

Current thread (0x081f1400):  JavaThread "main" [_thread_in_native, id=4968, stack(0x00430000,0x00c30000)]

siginfo: ExceptionCode=0xc0000005, reading address 0x4084600c

Registers:
EAX=0x2875bb10, EBX=0x00000000, ECX=0x2854e57c, EDX=0x40846000
ESP=0x00c2a854, EBP=0x00c2a87c, ESI=0x2854e5a8, EDI=0x2854e57c
EIP=0x7997b25d, EFLAGS=0x00010246

Top of Stack: (sp=0x00c2a854)
0x00c2a854:   2854e400 00000000 7a129320 284149c0
0x00c2a864:   2854e400 00000000 2854e400 00c2a8ac
0x00c2a874:   7a189196 00000002 00c2a88c 7a12928c
0x00c2a884:   2854e400 00000000 00c2a8b8 79965464
0x00c2a894:   00000001 0da8c080 284149c0 00000000
0x00c2a8a4:   fffffffe 284149c0 00c2a8c8 7997ec86
0x00c2a8b4:   00000002 00c2a8d4 7a1557f2 284149c0
0x00c2a8c4:   284149c0 00c2a8f4 7a182839 ffffffff 

Instructions: (pc=0x7997b25d)
0x7997b24d:   00 83 c6 01 3b 77 08 72 ea 5e 8b 57 20 8b 47 04
0x7997b25d:   8b 4a 0c 50 ff d1 83 c4 04 89 5f 04 89 5f 20 5f 


Stack: [0x00430000,0x00c30000],  sp=0x00c2a854,  free space=8170k
Native frames: (J=compiled Java code, j=interpreted, Vv=VM code, C=native code)
C  [m_dispatcher.dll+0x1b25d]
C  [m_interpreter.dll+0xa928c]
C  [m_dispatcher.dll+0x5464]
C  [m_interpreter.dll+0xd57f2]
C  [m_dispatcher.dll+0xa97d]
C  [m_interpreter.dll+0xd027c]
C  [m_interpreter.dll+0xc8d74]
C  [mcr.dll+0x2ddf7]
C  [m_dispatcher.dll+0x6dac]
C  [m_dispatcher.dll+0x6eb1]
C  [m_dispatcher.dll+0x3f6b]
C  [m_dispatcher.dll+0x6dac]
C  [m_dispatcher.dll+0x6eb1]
C  [m_interpreter.dll+0xa6fcd]
C  [m_interpreter.dll+0xa1da6]
C  [m_interpreter.dll+0x111f1]
C  [nativejmi.dll+0x27b2]
C  [nativejmi.dll+0x2f32]
C  [nativejmi.dll+0x29ea]
C  [nativejmi.dll+0x6ebd]
C  [nativejmi.dll+0x6f83]
v  ~BufferBlob::Interpreter
v  ~BufferBlob::Interpreter
v  ~BufferBlob::Interpreter
v  ~BufferBlob::Interpreter
v  ~BufferBlob::Interpreter
v  ~BufferBlob::Interpreter
v  ~BufferBlob::StubRoutines (1)

Java frames: (J=compiled Java code, j=interpreted, Vv=VM code)
v  ~BufferBlob::Interpreter
v  ~BufferBlob::Interpreter
v  ~BufferBlob::Interpreter
v  ~BufferBlob::Interpreter
v  ~BufferBlob::Interpreter
v  ~BufferBlob::Interpreter
v  ~BufferBlob::StubRoutines (1)

---------------  P R O C E S S  ---------------

Java Threads: ( => current thread )
  0x0828c800 JavaThread "MultiThreadedHttpConnectionManager cleanup" daemon [_thread_blocked, id=688, stack(0x08460000,0x084e0000)]
  0x08290400 JavaThread "Prefs Updater" [_thread_blocked, id=6128, stack(0x0cb30000,0x0cbb0000)]
  0x0828d400 JavaThread "Timer-10" daemon [_thread_blocked, id=964, stack(0x0ca30000,0x0cab0000)]
  0x0828f000 JavaThread "Timer-1" [_thread_blocked, id=2120, stack(0x0bed0000,0x0bf50000)]
  0x0828e400 JavaThread "TimerQueue" daemon [_thread_blocked, id=4584, stack(0x0d830000,0x0d8b0000)]
  0x0828e000 JavaThread "AWT-EventQueue-0" [_thread_blocked, id=5672, stack(0x0d7b0000,0x0d830000)]
  0x0828d800 JavaThread "AWT-Shutdown" [_thread_blocked, id=7948, stack(0x0d730000,0x0d7b0000)]
  0x0828d000 JavaThread "AWT-Windows" daemon [_thread_in_native, id=624, stack(0x084e0000,0x08560000)]
  0x0828c400 JavaThread "Java2D Disposer" daemon [_thread_blocked, id=6772, stack(0x083e0000,0x08460000)]
  0x0828bc00 JavaThread "Timer-0" [_thread_blocked, id=4796, stack(0x08060000,0x080e0000)]
  0x0828b800 JavaThread "JMI Unnamed Thread" [_thread_in_native, id=7712, stack(0x04a60000,0x05260000)]
  0x0828b000 JavaThread "Low Memory Detector" daemon [_thread_blocked, id=904, stack(0x077e0000,0x07860000)]
  0x0829b000 JavaThread "CompilerThread0" daemon [_thread_blocked, id=4660, stack(0x06fe0000,0x077e0000)]
  0x0828ac00 JavaThread "Attach Listener" daemon [_thread_blocked, id=7460, stack(0x06f60000,0x06fe0000)]
  0x08275800 JavaThread "Finalizer" daemon [_thread_blocked, id=4172, stack(0x082e0000,0x08360000)]
  0x08271400 JavaThread "Reference Handler" daemon [_thread_blocked, id=4480, stack(0x04970000,0x049f0000)]
=>0x081f1400 JavaThread "main" [_thread_in_native, id=4968, stack(0x00430000,0x00c30000)]

Other Threads:
  0x0826c400 VMThread [stack: 0x0a670000,0x0ae70000] [id=6264]
  0x082b1800 WatcherThread [stack: 0x07860000,0x08060000] [id=3924]

VM state:not at safepoint (normal execution)

VM Mutex/Monitor currently owned by a thread: None

Heap
 def new generation   total 14784K, used 3577K [0x10010000, 0x11010000, 0x12010000)
  eden space 13184K,  23% used [0x10010000, 0x1030f500, 0x10cf0000)
  from space 1600K,  31% used [0x10e80000, 0x10eff240, 0x11010000)
  to   space 1600K,   0% used [0x10cf0000, 0x10cf0000, 0x10e80000)
 tenured generation   total 49152K, used 48160K [0x12010000, 0x15010000, 0x18010000)
   the space 49152K,  97% used [0x12010000, 0x14f180d8, 0x14f18200, 0x15010000)
 compacting perm gen  total 36608K, used 36554K [0x18010000, 0x1a3d0000, 0x1c010000)
   the space 36608K,  99% used [0x18010000, 0x1a3c2940, 0x1a3c2a00, 0x1a3d0000)
No shared spaces configured.

Dynamic libraries:
0x00400000 - 0x0042f000 	C:\Program Files\MATLAB\R2009a\bin\win32\MATLAB.exe
0x778b0000 - 0x779d8000 	C:\Windows\system32\ntdll.dll
0x777d0000 - 0x778ac000 	C:\Windows\system32\kernel32.dll
0x7b280000 - 0x7b34a000 	C:\Program Files\MATLAB\R2009a\bin\win32\libut.dll
0x76390000 - 0x763b9000 	C:\Windows\system32\imagehlp.dll
0x762b0000 - 0x7635a000 	C:\Windows\system32\msvcrt.dll
0x779e0000 - 0x779e7000 	C:\Windows\system32\PSAPI.DLL
0x7bba0000 - 0x7bbbf000 	C:\Program Files\MATLAB\R2009a\bin\win32\LIBEXPAT.dll
0x73550000 - 0x735eb000 	C:\Windows\WinSxS\x86_microsoft.vc80.crt_1fc8b3b9a1e18e3b_8.0.50727.6195_none_d09154e044272b9a\MSVCR80.dll
0x7b6b0000 - 0x7b791000 	C:\Program Files\MATLAB\R2009a\bin\win32\icuuc38.dll
0x77a40000 - 0x77b06000 	C:\Windows\system32\ADVAPI32.dll
0x76530000 - 0x765f3000 	C:\Windows\system32\RPCRT4.dll
0x7ad90000 - 0x7ad94000 	C:\Program Files\MATLAB\R2009a\bin\win32\icudt38.dll
0x7ada0000 - 0x7adac000 	C:\Program Files\MATLAB\R2009a\bin\win32\icuio38.dll
0x7afe0000 - 0x7b0c4000 	C:\Program Files\MATLAB\R2009a\bin\win32\icuin38.dll
0x733d0000 - 0x73457000 	C:\Windows\WinSxS\x86_microsoft.vc80.crt_1fc8b3b9a1e18e3b_8.0.50727.6195_none_d09154e044272b9a\MSVCP80.dll
0x775e0000 - 0x7767d000 	C:\Windows\system32\USER32.dll
0x76600000 - 0x7664b000 	C:\Windows\system32\GDI32.dll
0x782e0000 - 0x78317000 	C:\Program Files\MATLAB\R2009a\bin\win32\libmwfl.dll
0x10000000 - 0x1000e000 	C:\Program Files\MATLAB\R2009a\bin\win32\boost_date_time-vc80-mt-1_36.dll
0x000c0000 - 0x000d0000 	C:\Program Files\MATLAB\R2009a\bin\win32\boost_signals-vc80-mt-1_36.dll
0x001e0000 - 0x001e7000 	C:\Program Files\MATLAB\R2009a\bin\win32\boost_system-vc80-mt-1_36.dll
0x00200000 - 0x0020c000 	C:\Program Files\MATLAB\R2009a\bin\win32\boost_thread-vc80-mt-1_36.dll
0x7b3b0000 - 0x7b59a000 	C:\Program Files\MATLAB\R2009a\bin\win32\libmwservices.dll
0x7b350000 - 0x7b3aa000 	C:\Program Files\MATLAB\R2009a\bin\win32\libmx.dll
0x787a0000 - 0x787b3000 	C:\Program Files\MATLAB\R2009a\bin\win32\zlib1.dll
0x7b5a0000 - 0x7b6af000 	C:\Program Files\MATLAB\R2009a\bin\win32\libmwmathutil.dll
0x79510000 - 0x79543000 	C:\Program Files\MATLAB\R2009a\bin\win32\mpath.dll
0x00260000 - 0x0028f000 	C:\Program Files\MATLAB\R2009a\bin\win32\mlutil.dll
0x002a0000 - 0x002d9000 	C:\Program Files\MATLAB\R2009a\bin\win32\tbb.dll
0x73b10000 - 0x73b95000 	C:\Windows\WinSxS\x86_microsoft.windows.common-controls_6595b64144ccf1df_5.82.6002.18305_none_88f3a38569c2c436\COMCTL32.dll
0x77170000 - 0x771e3000 	C:\Windows\system32\comdlg32.dll
0x75f40000 - 0x75f99000 	C:\Windows\system32\SHLWAPI.dll
0x76650000 - 0x77161000 	C:\Windows\system32\SHELL32.dll
0x75c40000 - 0x75cb6000 	C:\Windows\system32\NETAPI32.dll
0x76360000 - 0x7638d000 	C:\Windows\system32\WS2_32.dll
0x779f0000 - 0x779f6000 	C:\Windows\system32\NSI.dll
0x79a80000 - 0x79ad3000 	C:\Program Files\MATLAB\R2009a\bin\win32\mcr.dll
0x7adb0000 - 0x7adeb000 	C:\Program Files\MATLAB\R2009a\bin\win32\iqm.dll
0x7a080000 - 0x7a558000 	C:\Program Files\MATLAB\R2009a\bin\win32\m_interpreter.dll
0x7ae00000 - 0x7ae0c000 	C:\Program Files\MATLAB\R2009a\bin\win32\libmex.dll
0x79960000 - 0x799b7000 	C:\Program Files\MATLAB\R2009a\bin\win32\m_dispatcher.dll
0x78670000 - 0x7868c000 	C:\Program Files\MATLAB\R2009a\bin\win32\datasvcs.dll
0x78df0000 - 0x78fb2000 	C:\Program Files\MATLAB\R2009a\bin\win32\xerces-c_2_7.dll
0x00350000 - 0x003ed000 	C:\Program Files\MATLAB\R2009a\bin\win32\boost_regex-vc80-mt-1_36.dll
0x79870000 - 0x798c7000 	C:\Program Files\MATLAB\R2009a\bin\win32\profiler.dll
0x7ae60000 - 0x7ae7e000 	C:\Program Files\MATLAB\R2009a\bin\win32\libmwmathrng.dll
0x78720000 - 0x78732000 	C:\Program Files\MATLAB\R2009a\bin\win32\m_pcodeio.dll
0x794d0000 - 0x79507000 	C:\Program Files\MATLAB\R2009a\bin\win32\m_ir.dll
0x79b60000 - 0x7a077000 	C:\Program Files\MATLAB\R2009a\bin\win32\m_parser.dll
0x7adf0000 - 0x7adfe000 	C:\Program Files\MATLAB\R2009a\bin\win32\ir_xfmr.dll
0x78320000 - 0x78468000 	C:\Program Files\MATLAB\R2009a\bin\win32\mcos.dll
0x7aea0000 - 0x7aeaa000 	C:\Program Files\MATLAB\R2009a\bin\win32\mtok.dll
0x78700000 - 0x78716000 	C:\Program Files\MATLAB\R2009a\bin\win32\m_pcodegen.dll
0x78650000 - 0x7866b000 	C:\Program Files\MATLAB\R2009a\bin\win32\bridge.dll
0x7aae0000 - 0x7ab64000 	C:\Program Files\MATLAB\R2009a\bin\win32\udd.dll
0x7b7a0000 - 0x7b89b000 	C:\Program Files\MATLAB\R2009a\bin\win32\libmwgui.dll
0x78800000 - 0x789f1000 	C:\Program Files\MATLAB\R2009a\bin\win32\hg.dll
0x78690000 - 0x786b2000 	C:\Program Files\MATLAB\R2009a\bin\win32\libmat.dll
0x7b0d0000 - 0x7b275000 	C:\Program Files\MATLAB\R2009a\bin\win32\libhdf5.dll
0x793e0000 - 0x7941e000 	C:\Program Files\MATLAB\R2009a\bin\win32\jmi.dll
0x790f0000 - 0x7911c000 	C:\Program Files\MATLAB\R2009a\bin\win32\libmwhardcopy.dll
0x79490000 - 0x794c7000 	C:\Program Files\MATLAB\R2009a\bin\win32\libuij.dll
0x78d50000 - 0x78de5000 	C:\Program Files\MATLAB\R2009a\bin\win32\libmwmathlinalg.dll
0x78a60000 - 0x78d42000 	C:\Program Files\MATLAB\R2009a\bin\win32\libmwmathelem.dll
0x78a00000 - 0x78a52000 	C:\Program Files\MATLAB\R2009a\bin\win32\libmwmathcore.dll
0x798d0000 - 0x79917000 	C:\Program Files\MATLAB\R2009a\bin\win32\libmwcholmod.dll
0x7ae10000 - 0x7ae1a000 	C:\Program Files\MATLAB\R2009a\bin\win32\libmwamd.dll
0x7ae40000 - 0x7ae49000 	C:\Program Files\MATLAB\R2009a\bin\win32\libmwcolamd.dll
0x7ae30000 - 0x7ae3d000 	C:\Program Files\MATLAB\R2009a\bin\win32\libmwblas.dll
0x7ae20000 - 0x7ae2c000 	C:\Program Files\MATLAB\R2009a\bin\win32\libmwbinder.dll
0x786c0000 - 0x786f8000 	C:\Program Files\MATLAB\R2009a\bin\win32\libmwlapack.dll
0x014e0000 - 0x01515000 	C:\Program Files\MATLAB\R2009a\bin\win32\libmwrookfastbp.dll
0x79120000 - 0x7915c000 	C:\Program Files\MATLAB\R2009a\bin\win32\libmwma57.dll
0x7aef0000 - 0x7afd9000 	C:\Program Files\MATLAB\R2009a\bin\win32\libifcoremd.dll
0x79550000 - 0x79813000 	C:\Program Files\MATLAB\R2009a\bin\win32\libmmd.dll
0x7ae50000 - 0x7ae5c000 	C:\Program Files\MATLAB\R2009a\bin\win32\libmwcsparse.dll
0x79a20000 - 0x79a73000 	C:\Program Files\MATLAB\R2009a\bin\win32\libmwumfpack.dll
0x01560000 - 0x01607000 	C:\Program Files\MATLAB\R2009a\bin\win32\hgdatatypes.dll
0x7ab70000 - 0x7ad89000 	C:\Program Files\MATLAB\R2009a\bin\win32\uiw.dll
0x7aee0000 - 0x7aee9000 	C:\Program Files\MATLAB\R2009a\bin\win32\uinone.dll
0x732c0000 - 0x733d0000 	C:\Windows\WinSxS\x86_microsoft.vc80.mfc_1fc8b3b9a1e18e3b_8.0.50727.4053_none_cbf21254470d8752\MFC80.DLL
0x75190000 - 0x751d2000 	C:\Windows\system32\WINSPOOL.DRV
0x77680000 - 0x777c5000 	C:\Windows\system32\ole32.dll
0x76220000 - 0x762ad000 	C:\Windows\system32\OLEAUT32.dll
0x79ae0000 - 0x79b55000 	C:\Program Files\MATLAB\R2009a\bin\win32\udd_mi.dll
0x78740000 - 0x78753000 	C:\Program Files\MATLAB\R2009a\bin\win32\mwoles05.DLL
0x79820000 - 0x79864000 	C:\Program Files\MATLAB\R2009a\bin\win32\comcli.dll
0x73510000 - 0x7352b000 	C:\Windows\WinSxS\x86_microsoft.vc80.atl_1fc8b3b9a1e18e3b_8.0.50727.4053_none_d1c738ec43578ea1\ATL80.DLL
0x7ae90000 - 0x7ae9b000 	C:\Program Files\MATLAB\R2009a\bin\win32\mlautoregister.dll
0x01680000 - 0x0169e000 	C:\Windows\system32\ShimEng.dll
0x75d80000 - 0x75dac000 	C:\Windows\system32\apphelp.dll
0x01ae0000 - 0x01b68000 	C:\Windows\AppPatch\AcLayers.DLL
0x75e00000 - 0x75e1e000 	C:\Windows\system32\USERENV.dll
0x75de0000 - 0x75df4000 	C:\Windows\system32\Secur32.dll
0x75980000 - 0x75994000 	C:\Windows\system32\MPR.dll
0x77a00000 - 0x77a1e000 	C:\Windows\system32\IMM32.DLL
0x77240000 - 0x77308000 	C:\Windows\system32\MSCTF.dll
0x77a30000 - 0x77a39000 	C:\Windows\system32\LPK.DLL
0x763c0000 - 0x7643d000 	C:\Windows\system32\USP10.dll
0x74ea0000 - 0x7503e000 	C:\Windows\WinSxS\x86_microsoft.windows.common-controls_6595b64144ccf1df_6.0.6002.18305_none_5cb72f2a088b0ed3\comctl32.dll
0x73ba0000 - 0x73bae000 	C:\Windows\WinSxS\x86_microsoft.vc80.mfcloc_1fc8b3b9a1e18e3b_8.0.50727.4053_none_03ca5532205cb096\MFC80ENU.DLL
0x74a20000 - 0x74a5f000 	C:\Windows\system32\uxtheme.dll
0x01720000 - 0x0173b000 	C:\Program Files\Stardock\ObjectDock\DockShellHook.dll
0x20020000 - 0x20027000 	C:\PROGRA~1\AVANQU~1\Fix-It\WinHook.dll
0x757e0000 - 0x757f9000 	C:\Windows\system32\iphlpapi.dll
0x757a0000 - 0x757d5000 	C:\Windows\system32\dhcpcsvc.DLL
0x75a20000 - 0x75a4c000 	C:\Windows\system32\DNSAPI.dll
0x75790000 - 0x75797000 	C:\Windows\system32\WINNSI.DLL
0x75760000 - 0x75782000 	C:\Windows\system32\dhcpcsvc6.DLL
0x019d0000 - 0x019d3000 	C:\Windows\system32\icmp.Dll
0x79190000 - 0x793e0000 	C:\Program Files\MATLAB\R2009a\sys\java\jre\win32\jre\bin\client\jvm.dll
0x74680000 - 0x746b2000 	C:\Windows\system32\WINMM.dll
0x74640000 - 0x7467d000 	C:\Windows\system32\OLEACC.dll
0x02b10000 - 0x02b66000 	C:\Program Files\MATLAB\R2009a\bin\win32\MSVCR71.dll
0x74100000 - 0x741dc000 	C:\Windows\system32\dbghelp.dll
0x79920000 - 0x79928000 	C:\Program Files\MATLAB\R2009a\sys\java\jre\win32\jre\bin\hpi.dll
0x79940000 - 0x7994c000 	C:\Program Files\MATLAB\R2009a\sys\java\jre\win32\jre\bin\verify.dll
0x787c0000 - 0x787df000 	C:\Program Files\MATLAB\R2009a\sys\java\jre\win32\jre\bin\java.dll
0x79950000 - 0x7995f000 	C:\Program Files\MATLAB\R2009a\sys\java\jre\win32\jre\bin\zip.dll
0x78760000 - 0x78778000 	C:\Program Files\MATLAB\R2009a\bin\win32\nativejava.dll
0x78780000 - 0x7879d000 	C:\Program Files\MATLAB\R2009a\bin\win32\nativejmi.dll
0x7aed0000 - 0x7aed6000 	C:\Program Files\MATLAB\R2009a\bin\win32\nativeservices.dll
0x78fc0000 - 0x790ee000 	C:\Program Files\MATLAB\R2009a\sys\java\jre\win32\jre\bin\awt.dll
0x799c0000 - 0x79a13000 	C:\Program Files\MATLAB\R2009a\sys\java\jre\win32\jre\bin\fontmanager.dll
0x787e0000 - 0x787f3000 	C:\Program Files\MATLAB\R2009a\sys\java\jre\win32\jre\bin\net.dll
0x755a0000 - 0x755db000 	C:\Windows\system32\mswsock.dll
0x75600000 - 0x75605000 	C:\Windows\System32\wship6.dll

VM Arguments:
jvm_args: -Xss512k -XX:PermSize=32m -Xms64m -XX:NewRatio=3 -XX:MaxPermSize=64m -Xmx128m -XX:MaxDirectMemorySize=1200000000 -Dsun.java2d.noddraw=true -Dsun.awt.nopixfmt=true -Xshare:off -Xrs -Djava.library.path=C:\Program Files\MATLAB\R2009a\bin\win32 vfprintf abort 
java_command: <unknown>
Launcher Type: generic

Environment Variables:
CLASSPATH=.;C:\Program Files\Java\jre6\lib\ext\QTJava.zip
PATH=C:\Program Files\NVIDIA Corporation\PhysX\Common;C:\Windows\system32;C:\Windows;C:\Windows\System32\Wbem;C:\Program Files\ATI Technologies\ATI.ACE\Core-Static;C:\Program Files\Windows Imaging\;C:\Program Files\ActivIdentity\ActivClient\;C:\Program Files\Common Files\Roxio Shared\9.0\DLLShared\;C:\Program Files\MATLAB\R2009a\bin;C:\Program Files\MATLAB\R2009a\bin\win32;C:\Windows\System32\WindowsPowerShell\v1.0\;C:\Program Files\Google\Google Apps Sync\;C:\Program Files\Google\Google Apps Migration\;C:\Program Files\QuickTime\QTSystem\
USERNAME=m134506
OS=Windows_NT
PROCESSOR_IDENTIFIER=x86 Family 6 Model 23 Stepping 10, GenuineIntel



---------------  S Y S T E M  ---------------

OS: Windows Vista Build 6002 Service Pack 2

CPU:total 2 (2 cores per cpu, 1 threads per core) family 6 model 7 stepping 10, cmov, cx8, fxsr, mmx, sse, sse2, sse3, ssse3

Memory: 4k page, physical 3404484k(962956k free), swap 3831520k(1078752k free)

vm_info: Java HotSpot(TM) Client VM (10.0-b19) for windows-x86 JRE (1.6.0_04-b12), built on Dec 14 2007 00:51:20 by "java_re" with MS VC++ 7.1

time: Sun Nov 13 23:31:38 2011
elapsed time: 1503 seconds

